<?xml version="1.0" encoding="UTF-8"?>
<testng-results skipped="0" failed="0" ignored="0" total="1" passed="1">
  <reporter-output>
  </reporter-output>
  <suite name="Suite" duration-ms="15256" started-at="2020-07-14T10:58:58 IST" finished-at="2020-07-14T10:59:14 IST">
    <groups>
    </groups>
    <test name="Test" duration-ms="15256" started-at="2020-07-14T10:58:58 IST" finished-at="2020-07-14T10:59:14 IST">
      <class name="azure_selenium_group.azure_selenium_artefact.Second_Test">
        <test-method status="PASS" signature="f()[pri:0, instance:azure_selenium_group.azure_selenium_artefact.Second_Test@30b8a058]" name="f" duration-ms="15191" started-at="2020-07-14T10:58:58 IST" finished-at="2020-07-14T10:59:14 IST">
          <reporter-output>
          </reporter-output>
        </test-method> <!-- f -->
      </class> <!-- azure_selenium_group.azure_selenium_artefact.Second_Test -->
    </test> <!-- Test -->
  </suite> <!-- Suite -->
</testng-results>
